{"C:\\Users\\Administrator\\WebstormProjects\\advancedhw1\\src\\js\\SortObjectProps.js": {"path":"C:\\Users\\Administrator\\WebstormProjects\\advancedhw1\\src\\js\\SortObjectProps.js","statementMap":{"0":{"start":{"line":2,"column":17},"end":{"line":2,"column":28}},"1":{"start":{"line":4,"column":4},"end":{"line":7,"column":5}},"2":{"start":{"line":5,"column":8},"end":{"line":5,"column":70}},"3":{"start":{"line":6,"column":8},"end":{"line":6,"column":36}},"4":{"start":{"line":9,"column":18},"end":{"line":9,"column":44}},"5":{"start":{"line":10,"column":4},"end":{"line":12,"column":5}},"6":{"start":{"line":11,"column":8},"end":{"line":11,"column":66}},"7":{"start":{"line":14,"column":4},"end":{"line":14,"column":18}}},"fnMap":{"0":{"name":"sortObjectProps","decl":{"start":{"line":1,"column":16},"end":{"line":1,"column":31}},"loc":{"start":{"line":1,"column":46},"end":{"line":15,"column":1}},"line":1}},"branchMap":{},"s":{"0":1,"1":1,"2":2,"3":2,"4":1,"5":1,"6":3,"7":1},"f":{"0":1},"b":{},"_coverageSchema":"1a1c01bbd47fc00a2c39e90264f33305004495a9","hash":"b2af027e5da6de6db0335fae0b004ddb4cc5443a"}
}
